<?xml version="1.0" encoding="UTF-8"?>
<!-- Generated by org.testng.reporters.JUnitReportReporter -->
<testsuite hostname="KOC-LT-L00024" name="a2.a3" tests="1" failures="0" timestamp="11 Jun 2019 09:51:18 GMT" time="6.907" errors="0">
  <testcase name="extentReportsDemo" time="6.907" classname="a2.a3"/>
</testsuite> <!-- a2.a3 -->
