<?xml version="1.0" encoding="UTF-8"?>
<!-- Generated by org.testng.reporters.JUnitReportReporter -->
<testsuite hostname="KOC-LT-L00024" name="a2.TestNGClass" tests="2" failures="0" timestamp="11 Jun 2019 10:10:05 GMT" time="0.016" errors="0">
  <testcase name="driveCar" time="0.014" classname="a2.TestNGClass"/>
  <testcase name="driveCar2" time="0.002" classname="a2.TestNGClass"/>
</testsuite> <!-- a2.TestNGClass -->
